allocate table sz:100 u:1
allocate table sz:50 u:2
allocate table sz:25 u:4
allocate table sz:12 u:8
allocate table sz:6 u:16
                                                 *
                                                *
                                                 *
                                               *
                                               *
                                             *
                                            *
                                               *
                                                *
                                                   *
                                                   *
                                                  *
                                                 *
                                               *
                                               *
                                              *
                                             *
                                               *
                                                    *
                                                     *
                                                        *
                                                          *
                                                          *
                                                             *
                                                              *
                                                               *
                                                               *
                                                                    *
                                                                      *
                                                                     *
                                                                   *
                                                                   *
                                                                  *
                                                                    *
                                                                        *
                                                                      *
                                                                      *
                                                                      *
                                                                       *
                                                                     *
                                                                     *
                                                                     *
                                                                  *
                                                                  *
                                                                 *
                                                            *
                                                           *
                                                             *
                                                           *
                                                             *
                                                               *
                                                            *
                                                          *
                                                      *
                                                  *
                                               *
                                            *
                                               *
                                                *
                                             *
                                              *
                                              *
                                                *
                                                    *
                                                           *
                                                         *
                                                        *
                                                        *
                                                           *
                                                          *
                                                             *
                                                             *
                                                             *
                                                                  *
                                                                    *
                                                                       *
                                                                           *
                                                                    *
                                                                   *
                                                                 *
                                                               *
                                                             *
                                                            *
                                                              *
                                                               *
                                                                 *
                                                                     *
                                                                    *
                                                                   *
                                                                 *
                                                             *
                                                             *
                                                             *
                                                          *
                                                       *
                                                      *
                                                  *
                                                *
                                          *
                                        *
real         0.00
user         0.00
sys          0.00
