= doct execresult result
== system: Darwin
== cpuinfo: Intel(R) Core(TM) i7-3720QM CPU @ 2.60GHz
== version: 1.8.7
== program: ruby
== os_version: 10.8.2
"lam"
"last"
"lastcomm"
"lastwords"
"latency"
"launchy"
"ld"
"ldapadd"
"ldapcompare"
"ldapdelete"
"ldapexop"
"ldapmodify"
"ldapmodrdn"
"ldappasswd"
"ldapsearch"
"ldapurl"
"ldapwhoami"
"ldiff"
"leaks"
"leave"
"less"
"lessecho"
"lex"
"libnetcfg"
"libnetcfg5.10"
"libnetcfg5.12"
"libtool"
"lipo"
"lkbib"
"lldb"
"llvm-cpp-4.2"
"llvm-g++"
"llvm-g++-4.2"
"llvm-gcc"
"llvm-gcc-4.2"
"loads.d"
"locale"
"localedef"
"locate"
"lockfile"
"logger"
"login"
"logname"
"look"
"lookbib"
"lorder"
"lp"
"lpoptions"
"lppasswd"
"lpq"
"lpr"
"lprm"
"lpstat"
"lsbom"
"lsm"
"lsvfs"
"lwp-download"
"lwp-download5.10"
"lwp-download5.12"
"lwp-dump"
"lwp-dump5.10"
"lwp-dump5.12"
"lwp-mirror"
"lwp-mirror5.10"
"lwp-mirror5.12"
"lwp-request"
"lwp-request5.10"
"lwp-request5.12"
"lwp-rget"
"lwp-rget5.10"
